<?xml version="1.0" encoding="UTF-8"?>
<testsuite xmlns:xsi="http://www.w3.org/2001/XMLSchema-instance" xsi:noNamespaceSchemaLocation="https://maven.apache.org/surefire/maven-surefire-plugin/xsd/surefire-test-report.xsd" name="edu.uclm.esi.iso.ISO2023.ConsultarVehiculoTest" time="1.376" tests="4" errors="0" skipped="0" failures="0">
  <properties>
[...]
</properties>
  <testcase name="testConsultarVehiculosComoAdmin" classname="edu.uclm.esi.iso.ISO2023.ConsultarVehiculoTest" time="0.349"/>
  <testcase name="testConsultarVehiculosComoUsuario" classname="edu.uclm.esi.iso.ISO2023.ConsultarVehiculoTest" time="0.586"/>
  <testcase name="testConsultarVehiculosUnexist" classname="edu.uclm.esi.iso.ISO2023.ConsultarVehiculoTest" time="0.216"/>
  <testcase name="testConsultarVehiculosSinAutenticación" classname="edu.uclm.esi.iso.ISO2023.ConsultarVehiculoTest" time="0.22"/>
</testsuite>